[2022-12-23T15:53:06.372711+01:00] PHP-BASICS.INFO: SELECT * FROM tasks [] []
[2022-12-23T15:54:18.370981+01:00] PHP-BASICS.INFO: SELECT * FROM tasks [] []
[2022-12-23T16:11:48.154635+01:00] PHP-BASICS.INFO: SELECT * FROM tasks [] []
[2022-12-23T16:11:57.761140+01:00] PHP-BASICS.INFO: INSERT INTO tasks (description) VALUES (?) [] []
[2022-12-23T16:11:57.900255+01:00] PHP-BASICS.INFO: SELECT * FROM tasks [] []
[2022-12-23T16:12:00.568371+01:00] PHP-BASICS.INFO: DELETE FROM tasks WHERE id = 5 [] []
[2022-12-23T16:12:00.788301+01:00] PHP-BASICS.INFO: SELECT * FROM tasks [] []
[2022-12-23T16:16:52.221638+01:00] PHP-BASICS.INFO: SELECT * FROM tasks [] []
[2022-12-23T16:16:57.936606+01:00] PHP-BASICS.INFO: SELECT * FROM tasks [] []
[2022-12-23T16:18:21.779422+01:00] PHP-BASICS.INFO: SELECT * FROM tasks [] []
[2022-12-23T16:35:06.965299+01:00] PHP-BASICS.INFO: SELECT * FROM tasks [] []
[2022-12-23T16:48:28.725177+01:00] PHP-BASICS.INFO: SELECT * FROM tasks [] []
[2022-12-23T16:48:42.591107+01:00] PHP-BASICS.INFO: SELECT * FROM tasks [] []
[2022-12-23T16:48:57.830276+01:00] PHP-BASICS.INFO: SELECT * FROM tasks [] []
[2022-12-23T16:49:37.071826+01:00] PHP-BASICS.INFO: SELECT * FROM tasks [] []
[2022-12-23T16:50:05.160443+01:00] PHP-BASICS.INFO: SELECT * FROM tasks [] []
[2022-12-23T16:50:28.113588+01:00] PHP-BASICS.INFO: SELECT * FROM tasks [] []
[2022-12-23T16:50:51.481909+01:00] PHP-BASICS.INFO: UPDATE tasks SET completed = ?  WHERE id = 4 [] []
[2022-12-23T16:50:51.643529+01:00] PHP-BASICS.INFO: SELECT * FROM tasks [] []
[2022-12-23T16:50:53.364124+01:00] PHP-BASICS.INFO: UPDATE tasks SET completed = ?  WHERE id = 4 [] []
[2022-12-23T16:50:53.645084+01:00] PHP-BASICS.INFO: SELECT * FROM tasks [] []
[2022-12-23T16:51:08.071383+01:00] PHP-BASICS.INFO: SELECT * FROM tasks [] []
[2022-12-23T16:51:44.511655+01:00] PHP-BASICS.INFO: SELECT * FROM tasks [] []
[2022-12-23T16:52:07.276485+01:00] PHP-BASICS.INFO: SELECT * FROM tasks [] []
[2022-12-23T16:52:38.300625+01:00] PHP-BASICS.INFO: SELECT * FROM tasks [] []
[2022-12-23T16:53:56.464067+01:00] PHP-BASICS.INFO: SELECT * FROM tasks [] []
[2022-12-23T16:55:50.781715+01:00] PHP-BASICS.INFO: SELECT * FROM tasks [] []
[2022-12-23T16:56:06.313638+01:00] PHP-BASICS.INFO: SELECT * FROM tasks [] []
[2022-12-23T16:56:38.284818+01:00] PHP-BASICS.INFO: SELECT * FROM tasks [] []
[2022-12-23T16:58:34.118418+01:00] PHP-BASICS.INFO: SELECT * FROM tasks [] []
[2022-12-23T16:58:58.784527+01:00] PHP-BASICS.INFO: SELECT * FROM tasks [] []
[2022-12-23T16:59:23.329847+01:00] PHP-BASICS.INFO: SELECT * FROM tasks [] []
[2022-12-23T16:59:31.095590+01:00] PHP-BASICS.INFO: SELECT * FROM tasks [] []
[2022-12-23T16:59:36.303140+01:00] PHP-BASICS.INFO: SELECT * FROM tasks [] []
[2022-12-23T16:59:41.959854+01:00] PHP-BASICS.INFO: SELECT * FROM tasks [] []
[2022-12-23T16:59:47.615433+01:00] PHP-BASICS.INFO: SELECT * FROM tasks [] []
[2022-12-23T17:00:36.170338+01:00] PHP-BASICS.INFO: SELECT * FROM tasks [] []
[2022-12-23T17:00:48.029339+01:00] PHP-BASICS.INFO: SELECT * FROM tasks [] []
[2022-12-23T17:00:57.930149+01:00] PHP-BASICS.INFO: SELECT * FROM tasks [] []
[2022-12-23T17:01:05.354945+01:00] PHP-BASICS.INFO: SELECT * FROM tasks [] []
[2022-12-23T17:01:24.359163+01:00] PHP-BASICS.INFO: SELECT * FROM tasks [] []
[2022-12-23T17:01:50.890619+01:00] PHP-BASICS.INFO: INSERT INTO tasks (description) VALUES (?) [] []
[2022-12-23T17:01:51.074420+01:00] PHP-BASICS.INFO: SELECT * FROM tasks [] []
[2022-12-23T17:02:00.125708+01:00] PHP-BASICS.INFO: INSERT INTO tasks (description) VALUES (?) [] []
[2022-12-23T17:02:00.408636+01:00] PHP-BASICS.INFO: SELECT * FROM tasks [] []
[2022-12-23T17:04:25.810578+01:00] PHP-BASICS.INFO: SELECT * FROM tasks [] []
[2022-12-23T17:04:52.993324+01:00] PHP-BASICS.INFO: SELECT * FROM tasks [] []
[2022-12-23T17:05:09.028693+01:00] PHP-BASICS.INFO: SELECT * FROM tasks [] []
[2022-12-23T17:05:22.965803+01:00] PHP-BASICS.INFO: SELECT * FROM tasks [] []
[2022-12-23T17:05:32.914868+01:00] PHP-BASICS.INFO: SELECT * FROM tasks [] []
[2022-12-23T17:05:44.974039+01:00] PHP-BASICS.INFO: SELECT * FROM tasks [] []
[2022-12-23T17:05:56.179224+01:00] PHP-BASICS.INFO: SELECT * FROM tasks [] []
[2022-12-23T17:06:15.285661+01:00] PHP-BASICS.INFO: INSERT INTO tasks (description) VALUES (?) [] []
[2022-12-23T17:06:15.546062+01:00] PHP-BASICS.INFO: SELECT * FROM tasks [] []
[2022-12-23T17:06:23.322577+01:00] PHP-BASICS.INFO: INSERT INTO tasks (description) VALUES (?) [] []
[2022-12-23T17:06:23.445593+01:00] PHP-BASICS.INFO: SELECT * FROM tasks [] []
[2022-12-23T17:06:26.475662+01:00] PHP-BASICS.INFO: INSERT INTO tasks (description) VALUES (?) [] []
[2022-12-23T17:06:26.562913+01:00] PHP-BASICS.INFO: SELECT * FROM tasks [] []
[2022-12-23T17:06:36.416076+01:00] PHP-BASICS.INFO: SELECT * FROM tasks [] []
[2022-12-23T17:07:04.977467+01:00] PHP-BASICS.INFO: SELECT * FROM tasks [] []
[2022-12-23T17:07:06.308514+01:00] PHP-BASICS.INFO: SELECT * FROM tasks [] []
[2022-12-23T17:07:16.898564+01:00] PHP-BASICS.INFO: SELECT * FROM tasks [] []
[2022-12-23T17:07:40.952590+01:00] PHP-BASICS.INFO: SELECT * FROM tasks [] []
[2022-12-23T17:08:05.076092+01:00] PHP-BASICS.INFO: SELECT * FROM tasks [] []
[2022-12-23T17:08:26.227301+01:00] PHP-BASICS.INFO: SELECT * FROM tasks [] []
[2022-12-23T17:08:51.184532+01:00] PHP-BASICS.INFO: SELECT * FROM tasks [] []
[2022-12-23T17:09:05.237117+01:00] PHP-BASICS.INFO: SELECT * FROM tasks [] []
[2022-12-23T17:09:18.553884+01:00] PHP-BASICS.INFO: SELECT * FROM tasks [] []
[2022-12-23T17:09:36.051381+01:00] PHP-BASICS.INFO: SELECT * FROM tasks [] []
[2022-12-23T17:09:45.860340+01:00] PHP-BASICS.INFO: SELECT * FROM tasks [] []
[2022-12-23T17:09:55.686154+01:00] PHP-BASICS.INFO: SELECT * FROM tasks WHERE completed = 1 [] []
[2022-12-23T17:10:19.472479+01:00] PHP-BASICS.INFO: SELECT * FROM tasks WHERE completed = 1 [] []
[2022-12-23T17:10:20.852820+01:00] PHP-BASICS.INFO: SELECT * FROM tasks WHERE completed = 1 [] []
[2022-12-23T17:10:23.037298+01:00] PHP-BASICS.INFO: SELECT * FROM tasks [] []
[2022-12-23T17:11:38.599604+01:00] PHP-BASICS.INFO: SELECT * FROM tasks [] []
[2022-12-23T17:11:47.923959+01:00] PHP-BASICS.INFO: UPDATE tasks SET completed = ?  WHERE id = 4 [] []
[2022-12-23T17:11:48.070100+01:00] PHP-BASICS.INFO: SELECT * FROM tasks [] []
[2022-12-23T17:13:45.123944+01:00] PHP-BASICS.INFO: SELECT * FROM tasks [] []
[2022-12-23T17:14:02.348655+01:00] PHP-BASICS.INFO: SELECT * FROM tasks [] []
[2022-12-23T17:14:52.831369+01:00] PHP-BASICS.INFO: SELECT * FROM tasks [] []
[2022-12-23T17:14:55.004009+01:00] PHP-BASICS.INFO: UPDATE tasks SET completed = ?  WHERE id = 4 [] []
[2022-12-23T17:14:55.173224+01:00] PHP-BASICS.INFO: SELECT * FROM tasks [] []
[2022-12-23T17:14:56.129499+01:00] PHP-BASICS.INFO: UPDATE tasks SET completed = ?  WHERE id = 4 [] []
[2022-12-23T17:14:56.239042+01:00] PHP-BASICS.INFO: SELECT * FROM tasks [] []
[2022-12-23T17:15:07.746443+01:00] PHP-BASICS.INFO: UPDATE tasks SET completed = ?  WHERE id = 4 [] []
[2022-12-23T17:15:07.845189+01:00] PHP-BASICS.INFO: SELECT * FROM tasks [] []
[2022-12-23T17:15:09.262203+01:00] PHP-BASICS.INFO: UPDATE tasks SET completed = ?  WHERE id = 4 [] []
[2022-12-23T17:15:09.362447+01:00] PHP-BASICS.INFO: SELECT * FROM tasks [] []
[2022-12-23T17:15:31.136859+01:00] PHP-BASICS.INFO: INSERT INTO tasks (description) VALUES (?) [] []
[2022-12-23T17:15:31.278196+01:00] PHP-BASICS.INFO: SELECT * FROM tasks [] []
[2022-12-23T17:15:40.762315+01:00] PHP-BASICS.INFO: INSERT INTO tasks (description) VALUES (?) [] []
[2022-12-23T17:15:40.944717+01:00] PHP-BASICS.INFO: SELECT * FROM tasks [] []
[2022-12-23T17:15:44.765879+01:00] PHP-BASICS.INFO: DELETE FROM tasks WHERE id = 11 [] []
[2022-12-23T17:15:44.860880+01:00] PHP-BASICS.INFO: SELECT * FROM tasks [] []
[2022-12-23T17:23:24.979774+01:00] PHP-BASICS.INFO: SELECT * FROM tasks [] []
[2022-12-23T17:30:31.212424+01:00] PHP-BASICS.INFO: SELECT * FROM tasks [] []
